14:16:51.287 [main] INFO  utils.Log - +++++++++++++++++++++++++++++++++++++++++++++++++++++++++
14:16:51.291 [main] INFO  utils.Log - ++++ Start of test case :++placeAnOrderAsRegisteredCustomer++++++++++++++++++++++
14:16:51.293 [main] INFO  utils.Log - +++Start time : ++ 2021.11.07.14.16.51+++++++++++++++++++++
14:17:04.681 [main] INFO  utils.Log - Called the <selectDropDownByVisibleText> on element[[ChromeDriver: chrome on WINDOWS (ffb043832e947c4f61b51d8587a7047f)] -> css selector: select[name='billing_country']]
14:17:04.771 [main] INFO  utils.Log - Called the <selectDropDownByVisibleText> on element[[ChromeDriver: chrome on WINDOWS (ffb043832e947c4f61b51d8587a7047f)] -> css selector: select[name='billing_state']]
14:17:06.544 [main] INFO  utils.Log - +++++++++++++++++++++++++++++++++++++++++++++++++++++++++
14:17:06.545 [main] INFO  utils.Log - ++++ End of test case :++placeAnOrderAsRegisteredCustomer+++++++++++++++++++
14:17:06.545 [main] INFO  utils.Log - +++End time : ++ 2021.11.07.14.17.06+++++++++++++++++++
14:17:09.975 [main] INFO  utils.Log - +++++++++++++++++++++++++++++++++++++++++++++++++++++++++
14:17:09.976 [main] INFO  utils.Log - ++++ Start of test case :++placeAnOrderAsUnregisteredCustomer++++++++++++++++++++++
14:17:09.976 [main] INFO  utils.Log - +++Start time : ++ 2021.11.07.14.17.09+++++++++++++++++++++
14:17:20.496 [main] INFO  utils.Log - Called the <selectDropDownByVisibleText> on element[[ChromeDriver: chrome on WINDOWS (a8acf71905d3821eaecd81ea5b019ca0)] -> css selector: select[name='billing_country']]
14:17:20.711 [main] INFO  utils.Log - Called the <selectDropDownByVisibleText> on element[[ChromeDriver: chrome on WINDOWS (a8acf71905d3821eaecd81ea5b019ca0)] -> css selector: select[name='billing_state']]
14:17:23.327 [main] INFO  utils.Log - +++++++++++++++++++++++++++++++++++++++++++++++++++++++++
14:17:23.327 [main] INFO  utils.Log - ++++ End of test case :++placeAnOrderAsUnregisteredCustomer+++++++++++++++++++
14:17:23.328 [main] INFO  utils.Log - +++End time : ++ 2021.11.07.14.17.23+++++++++++++++++++
14:17:26.804 [main] INFO  utils.Log - +++++++++++++++++++++++++++++++++++++++++++++++++++++++++
14:17:26.804 [main] INFO  utils.Log - ++++ Start of test case :++smokeTest1++++++++++++++++++++++
14:17:26.805 [main] INFO  utils.Log - +++Start time : ++ 2021.11.07.14.17.26+++++++++++++++++++++
14:17:40.481 [main] INFO  utils.Log - +++++++++++++++++++++++++++++++++++++++++++++++++++++++++
14:17:40.481 [main] INFO  utils.Log - ++++ End of test case :++smokeTest1+++++++++++++++++++
14:17:40.482 [main] INFO  utils.Log - +++End time : ++ 2021.11.07.14.17.40+++++++++++++++++++
