14:14:03.578 [main] INFO  utils.Log - +++++++++++++++++++++++++++++++++++++++++++++++++++++++++
14:14:03.584 [main] INFO  utils.Log - ++++ Start of test case :++placeAnOrderAsRegisteredCustomer++++++++++++++++++++++
14:14:03.585 [main] INFO  utils.Log - +++Start time : ++ 2021.11.07.14.14.03+++++++++++++++++++++
14:14:16.359 [main] ERROR utils.Log - +++++++++++++++++++++++++++++++++++++++++++++++++++++++++
14:14:16.360 [main] ERROR utils.Log - ++++ Failed of test case :++placeAnOrderAsRegisteredCustomer+++++++++++++++++++
14:14:16.360 [main] ERROR utils.Log - +++Failed  time : ++ 2021.11.07.14.14.16+++++++++++++++++++
14:14:16.553 [main] ERROR utils.Log - org.openqa.selenium.TimeoutException: Expected condition failed: waiting for text ('$5.98') to be present in element [[ChromeDriver: chrome on WINDOWS (b57180da2418aed59ed02ee55262b4dd)] -> xpath: //tr[@class='order-total']/td/strong/span/bdi] (tried for 5 second(s) with 500 milliseconds interval)
Build info: version: '3.141.59', revision: 'e82be7d358', time: '2018-11-14T08:17:03'
System info: host: 'CEECEE', ip: '192.168.0.178', os.name: 'Windows 10', os.arch: 'amd64', os.version: '10.0', java.version: '16.0.1'
Driver info: org.openqa.selenium.chrome.ChromeDriver
Capabilities {acceptInsecureCerts: false, browserName: chrome, browserVersion: 95.0.4638.69, chrome: {chromedriverVersion: 95.0.4638.17 (a9d0719444d4b..., userDataDir: C:\Users\CeeCee\AppData\Loc...}, goog:chromeOptions: {debuggerAddress: localhost:64542}, javascriptEnabled: true, networkConnectionEnabled: false, pageLoadStrategy: normal, platform: WINDOWS, platformName: WINDOWS, proxy: Proxy(), setWindowRect: true, strictFileInteractability: false, timeouts: {implicit: 0, pageLoad: 300000, script: 30000}, unhandledPromptBehavior: dismiss and notify, webauthn:extension:credBlob: true, webauthn:extension:largeBlob: true, webauthn:virtualAuthenticators: true}
Session ID: b57180da2418aed59ed02ee55262b4dd
14:14:20.209 [main] INFO  utils.Log - +++++++++++++++++++++++++++++++++++++++++++++++++++++++++
14:14:20.210 [main] INFO  utils.Log - ++++ Start of test case :++placeAnOrderAsUnregisteredCustomer++++++++++++++++++++++
14:14:20.210 [main] INFO  utils.Log - +++Start time : ++ 2021.11.07.14.14.20+++++++++++++++++++++
14:14:30.753 [main] INFO  utils.Log - Called the <selectDropDownByVisibleText> on element[[ChromeDriver: chrome on WINDOWS (6b52248ef473ffb79b4467409f95d2b7)] -> css selector: select[name='billing_country']]
14:14:30.977 [main] INFO  utils.Log - Called the <selectDropDownByVisibleText> on element[[ChromeDriver: chrome on WINDOWS (6b52248ef473ffb79b4467409f95d2b7)] -> css selector: select[name='billing_state']]
14:14:33.694 [main] INFO  utils.Log - +++++++++++++++++++++++++++++++++++++++++++++++++++++++++
14:14:33.695 [main] INFO  utils.Log - ++++ End of test case :++placeAnOrderAsUnregisteredCustomer+++++++++++++++++++
14:14:33.695 [main] INFO  utils.Log - +++End time : ++ 2021.11.07.14.14.33+++++++++++++++++++
14:14:37.277 [main] INFO  utils.Log - +++++++++++++++++++++++++++++++++++++++++++++++++++++++++
14:14:37.277 [main] INFO  utils.Log - ++++ Start of test case :++smokeTest1++++++++++++++++++++++
14:14:37.277 [main] INFO  utils.Log - +++Start time : ++ 2021.11.07.14.14.37+++++++++++++++++++++
14:14:51.267 [main] INFO  utils.Log - +++++++++++++++++++++++++++++++++++++++++++++++++++++++++
14:14:51.267 [main] INFO  utils.Log - ++++ End of test case :++smokeTest1+++++++++++++++++++
14:14:51.267 [main] INFO  utils.Log - +++End time : ++ 2021.11.07.14.14.51+++++++++++++++++++
